<?xml version="1.0" encoding="UTF-8"?>
<!-- Generated by org.testng.reporters.JUnitReportReporter -->
<testsuite skipped="0" hostname="Monty-PC" name="com.flipkart.bigbillionday.SSS" tests="4" failures="0" timestamp="07 Aug 2018 07:53:06 GMT" time="150.779" errors="0">
  <testcase name="unameTest" time="41.549" classname="com.flipkart.bigbillionday.SSS"/>
  <testcase name="unameTest" time="40.657" classname="com.flipkart.bigbillionday.SSS"/>
  <testcase name="unameTest" time="38.451" classname="com.flipkart.bigbillionday.SSS"/>
  <testcase name="unameTest" time="30.122" classname="com.flipkart.bigbillionday.SSS"/>
</testsuite> <!-- com.flipkart.bigbillionday.SSS -->
