<?xml version="1.0" encoding="UTF-8"?>
<!-- Generated by org.testng.reporters.JUnitReportReporter -->
<testsuite skipped="0" hostname="Monty-PC" name="com.flipkart.bigbillionday.SSS" tests="4" failures="0" timestamp="08 Aug 2018 10:21:40 GMT" time="160.858" errors="0">
  <testcase name="unameTest" time="39.932" classname="com.flipkart.bigbillionday.SSS"/>
  <testcase name="unameTest" time="39.375" classname="com.flipkart.bigbillionday.SSS"/>
  <testcase name="unameTest" time="39.836" classname="com.flipkart.bigbillionday.SSS"/>
  <testcase name="unameTest" time="41.715" classname="com.flipkart.bigbillionday.SSS"/>
</testsuite> <!-- com.flipkart.bigbillionday.SSS -->
